============================= test session starts ==============================
platform linux -- Python 3.13.12, pytest-9.0.2, pluggy-1.6.0 -- /home/runner/work/arandu/arandu/.venv/bin/python3
cachedir: .pytest_cache
rootdir: /home/runner/work/arandu/arandu
configfile: pyproject.toml
plugins: timeout-2.4.0, cov-7.0.0, mock-3.15.1, anyio-4.12.1
collecting ... collected 36 items

tests/core/report/test_dataset.py::TestBuildDataset::test_build_with_single_run FAILED [  2%]
tests/core/report/test_dataset.py::TestBuildDataset::test_build_with_multiple_runs FAILED [  5%]
tests/core/report/test_dataset.py::TestBuildDataset::test_build_with_empty_reports PASSED [  8%]
tests/core/report/test_dataset.py::TestBuildDataset::test_qa_pair_flattening FAILED [ 11%]
tests/core/report/test_dataset.py::TestBuildDataset::test_transcription_flattening FAILED [ 13%]
tests/core/report/test_dataset.py::TestBuildDataset::test_run_summary_computation FAILED [ 16%]
tests/core/report/test_dataset.py::TestBuildDataset::test_missing_source_metadata FAILED [ 19%]
tests/core/report/test_dataset.py::TestBuildDataset::test_missing_validation_scores FAILED [ 22%]
tests/core/report/test_dataset.py::TestReportDataset::test_pipeline_ids PASSED [ 25%]
tests/core/report/test_dataset.py::TestReportDataset::test_locations PASSED [ 27%]
tests/core/report/test_dataset.py::TestReportDataset::test_participants PASSED [ 30%]
tests/core/report/test_dataset.py::TestReportDataset::test_bloom_levels PASSED [ 33%]
tests/core/report/test_dataset.py::TestReportDataset::test_empty_dataset PASSED [ 36%]
tests/core/report/test_dataset.py::TestRunSummaryNewFields::test_run_summary_includes_model_ids FAILED [ 38%]
tests/core/report/test_dataset.py::TestRunSummaryNewFields::test_run_summary_includes_thresholds FAILED [ 41%]
tests/core/report/test_dataset.py::TestRunSummaryNewFields::test_run_summary_validity_counts FAILED [ 44%]
tests/core/report/test_dataset.py::TestRunSummaryNewFields::test_run_summary_missing_config FAILED [ 47%]
tests/core/report/test_dataset.py::TestRunSummaryNewFields::test_run_summary_partial_config_keys FAILED [ 50%]
tests/core/report/test_collector.py::TestResultsCollector::test_initialization PASSED [ 52%]
tests/core/report/test_collector.py::TestResultsCollector::test_discover_runs_empty PASSED [ 55%]
tests/core/report/test_collector.py::TestResultsCollector::test_discover_runs_with_data PASSED [ 58%]
tests/core/report/test_collector.py::TestResultsCollector::test_load_run_not_found PASSED [ 61%]
tests/core/report/test_collector.py::TestResultsCollector::test_load_run_with_data PASSED [ 63%]
tests/core/report/test_collector.py::TestResultsCollector::test_load_all_runs PASSED [ 66%]
tests/core/report/test_collector.py::TestResultsCollector::test_load_all_runs_empty PASSED [ 69%]
tests/core/report/test_collector.py::TestRunReport::test_initialization PASSED [ 72%]
tests/core/report/test_collector.py::TestRunReport::test_with_data PASSED [ 75%]
tests/core/report/test_collector.py::TestResultsCollectorOnDemandLoading::test_load_run_config_from_cep PASSED [ 77%]
tests/core/report/test_collector.py::TestResultsCollectorOnDemandLoading::test_load_run_config_from_transcription_fallback PASSED [ 80%]
tests/core/report/test_collector.py::TestResultsCollectorOnDemandLoading::test_load_run_config_missing PASSED [ 83%]
tests/core/report/test_collector.py::TestResultsCollectorOnDemandLoading::test_load_qa_record_found PASSED [ 86%]
tests/core/report/test_collector.py::TestResultsCollectorOnDemandLoading::test_load_qa_record_not_found PASSED [ 88%]
tests/core/report/test_collector.py::TestResultsCollectorOnDemandLoading::test_load_transcription_record_found PASSED [ 91%]
tests/core/report/test_collector.py::TestResultsCollectorOnDemandLoading::test_load_transcription_record_not_found PASSED [ 94%]
tests/core/report/test_collector.py::TestResultsCollectorOnDemandLoading::test_load_all_run_configs PASSED [ 97%]
tests/core/report/test_collector.py::TestResultsCollectorOnDemandLoading::test_load_all_run_configs_empty PASSED [100%]

=================================== FAILURES ===================================
_________________ TestBuildDataset.test_build_with_single_run __________________

self = <tests.core.report.test_dataset.TestBuildDataset object at 0x7f46ef001d10>

    def test_build_with_single_run(self) -> None:
        """Test building dataset from a single run."""
>       report = _make_run_report()
                 ^^^^^^^^^^^^^^^^^^

self       = <tests.core.report.test_dataset.TestBuildDataset object at 0x7f46ef001d10>

tests/core/report/test_dataset.py:156: 
_ _ _ _ _ _ _ _ _ _ _ _ _ _ _ _ _ _ _ _ _ _ _ _ _ _ _ _ _ _ _ _ _ _ _ _ _ _ _ _ 

pipeline_id = 'run_001', with_transcriptions = True, with_cep = True

    def _make_run_report(
        pipeline_id: str = "run_001",
        with_transcriptions: bool = True,
        with_cep: bool = True,
    ) -> RunReport:
        """Create a sample RunReport for testing."""
        pipeline = PipelineMetadata(
            pipeline_id=pipeline_id,
            steps_run=["transcription", "cep"],
        )
    
        records = []
        if with_transcriptions:
            records = [_make_enriched_record()]
    
        cep_records = []
        if with_cep:
            cep_records = [_make_cep_record()]
    
>       return RunReport(
            pipeline_id=pipeline_id,
            pipeline=pipeline,
            transcription_records=records,
            cep_records=cep_records,
        )
E       pydantic.errors.PydanticUserError: `RunReport` is not fully defined; you should define `PipelineMetadata`, then call `RunReport.model_rebuild()`.
E       
E       For further information visit https://errors.pydantic.dev/2.12/u/class-not-fully-defined

cep_records = [QARecordCEP(source_gdrive_id='gdrive_123', source_filename='test.mp3', source_metadata=SourceMetadata(participant_nam...validated_pairs=2, bloom_distribution={'analyze': 2}, validation_summary=None, cep_version='1.0', validation_rate=1.0)]
pipeline   = PipelineMetadata(pipeline_id='run_001', created_at=datetime.datetime(2026, 2, 22, 3, 28, 2, 718429, tzinfo=datetime.timezone.utc), steps_run=['transcription', 'cep'], schema_version='2.0', replicated_from=None)
pipeline_id = 'run_001'
records    = [EnrichedRecord(gdrive_id='gdrive_123', name='test.mp3', mimeType='audio/mpeg', parents=['parent_folder'], web_content...=None, sequence_label=None, event_context=None, source_gdrive_path=None, extraction_confidence=0.0, custom_fields={}))]
with_cep   = True
with_transcriptions = True

tests/core/report/test_dataset.py:143: PydanticUserError
________________ TestBuildDataset.test_build_with_multiple_runs ________________

self = <tests.core.report.test_dataset.TestBuildDataset object at 0x7f46eec1e5d0>

    def test_build_with_multiple_runs(self) -> None:
        """Test building dataset from multiple runs."""
>       reports = [_make_run_report("run_001"), _make_run_report("run_002")]
                   ^^^^^^^^^^^^^^^^^^^^^^^^^^^

self       = <tests.core.report.test_dataset.TestBuildDataset object at 0x7f46eec1e5d0>

tests/core/report/test_dataset.py:166: 
_ _ _ _ _ _ _ _ _ _ _ _ _ _ _ _ _ _ _ _ _ _ _ _ _ _ _ _ _ _ _ _ _ _ _ _ _ _ _ _ 

pipeline_id = 'run_001', with_transcriptions = True, with_cep = True

    def _make_run_report(
        pipeline_id: str = "run_001",
        with_transcriptions: bool = True,
        with_cep: bool = True,
    ) -> RunReport:
        """Create a sample RunReport for testing."""
        pipeline = PipelineMetadata(
            pipeline_id=pipeline_id,
            steps_run=["transcription", "cep"],
        )
    
        records = []
        if with_transcriptions:
            records = [_make_enriched_record()]
    
        cep_records = []
        if with_cep:
            cep_records = [_make_cep_record()]
    
>       return RunReport(
            pipeline_id=pipeline_id,
            pipeline=pipeline,
            transcription_records=records,
            cep_records=cep_records,
        )
E       pydantic.errors.PydanticUserError: `RunReport` is not fully defined; you should define `PipelineMetadata`, then call `RunReport.model_rebuild()`.
E       
E       For further information visit https://errors.pydantic.dev/2.12/u/class-not-fully-defined

cep_records = [QARecordCEP(source_gdrive_id='gdrive_123', source_filename='test.mp3', source_metadata=SourceMetadata(participant_nam...validated_pairs=2, bloom_distribution={'analyze': 2}, validation_summary=None, cep_version='1.0', validation_rate=1.0)]
pipeline   = PipelineMetadata(pipeline_id='run_001', created_at=datetime.datetime(2026, 2, 22, 3, 28, 2, 746485, tzinfo=datetime.timezone.utc), steps_run=['transcription', 'cep'], schema_version='2.0', replicated_from=None)
pipeline_id = 'run_001'
records    = [EnrichedRecord(gdrive_id='gdrive_123', name='test.mp3', mimeType='audio/mpeg', parents=['parent_folder'], web_content...=None, sequence_label=None, event_context=None, source_gdrive_path=None, extraction_confidence=0.0, custom_fields={}))]
with_cep   = True
with_transcriptions = True

tests/core/report/test_dataset.py:143: PydanticUserError
___________________ TestBuildDataset.test_qa_pair_flattening ___________________

self = <tests.core.report.test_dataset.TestBuildDataset object at 0x7f46eec93100>

    def test_qa_pair_flattening(self) -> None:
        """Test that QA pair fields are correctly flattened."""
>       report = _make_run_report()
                 ^^^^^^^^^^^^^^^^^^

self       = <tests.core.report.test_dataset.TestBuildDataset object at 0x7f46eec93100>

tests/core/report/test_dataset.py:184: 
_ _ _ _ _ _ _ _ _ _ _ _ _ _ _ _ _ _ _ _ _ _ _ _ _ _ _ _ _ _ _ _ _ _ _ _ _ _ _ _ 

pipeline_id = 'run_001', with_transcriptions = True, with_cep = True

    def _make_run_report(
        pipeline_id: str = "run_001",
        with_transcriptions: bool = True,
        with_cep: bool = True,
    ) -> RunReport:
        """Create a sample RunReport for testing."""
        pipeline = PipelineMetadata(
            pipeline_id=pipeline_id,
            steps_run=["transcription", "cep"],
        )
    
        records = []
        if with_transcriptions:
            records = [_make_enriched_record()]
    
        cep_records = []
        if with_cep:
            cep_records = [_make_cep_record()]
    
>       return RunReport(
            pipeline_id=pipeline_id,
            pipeline=pipeline,
            transcription_records=records,
            cep_records=cep_records,
        )
E       pydantic.errors.PydanticUserError: `RunReport` is not fully defined; you should define `PipelineMetadata`, then call `RunReport.model_rebuild()`.
E       
E       For further information visit https://errors.pydantic.dev/2.12/u/class-not-fully-defined

cep_records = [QARecordCEP(source_gdrive_id='gdrive_123', source_filename='test.mp3', source_metadata=SourceMetadata(participant_nam...validated_pairs=2, bloom_distribution={'analyze': 2}, validation_summary=None, cep_version='1.0', validation_rate=1.0)]
pipeline   = PipelineMetadata(pipeline_id='run_001', created_at=datetime.datetime(2026, 2, 22, 3, 28, 2, 754400, tzinfo=datetime.timezone.utc), steps_run=['transcription', 'cep'], schema_version='2.0', replicated_from=None)
pipeline_id = 'run_001'
records    = [EnrichedRecord(gdrive_id='gdrive_123', name='test.mp3', mimeType='audio/mpeg', parents=['parent_folder'], web_content...=None, sequence_label=None, event_context=None, source_gdrive_path=None, extraction_confidence=0.0, custom_fields={}))]
with_cep   = True
with_transcriptions = True

tests/core/report/test_dataset.py:143: PydanticUserError
________________ TestBuildDataset.test_transcription_flattening ________________

self = <tests.core.report.test_dataset.TestBuildDataset object at 0x7f46eecf9910>

    def test_transcription_flattening(self) -> None:
        """Test that transcription fields are correctly flattened."""
>       report = _make_run_report()
                 ^^^^^^^^^^^^^^^^^^

self       = <tests.core.report.test_dataset.TestBuildDataset object at 0x7f46eecf9910>

tests/core/report/test_dataset.py:208: 
_ _ _ _ _ _ _ _ _ _ _ _ _ _ _ _ _ _ _ _ _ _ _ _ _ _ _ _ _ _ _ _ _ _ _ _ _ _ _ _ 

pipeline_id = 'run_001', with_transcriptions = True, with_cep = True

    def _make_run_report(
        pipeline_id: str = "run_001",
        with_transcriptions: bool = True,
        with_cep: bool = True,
    ) -> RunReport:
        """Create a sample RunReport for testing."""
        pipeline = PipelineMetadata(
            pipeline_id=pipeline_id,
            steps_run=["transcription", "cep"],
        )
    
        records = []
        if with_transcriptions:
            records = [_make_enriched_record()]
    
        cep_records = []
        if with_cep:
            cep_records = [_make_cep_record()]
    
>       return RunReport(
            pipeline_id=pipeline_id,
            pipeline=pipeline,
            transcription_records=records,
            cep_records=cep_records,
        )
E       pydantic.errors.PydanticUserError: `RunReport` is not fully defined; you should define `PipelineMetadata`, then call `RunReport.model_rebuild()`.
E       
E       For further information visit https://errors.pydantic.dev/2.12/u/class-not-fully-defined

cep_records = [QARecordCEP(source_gdrive_id='gdrive_123', source_filename='test.mp3', source_metadata=SourceMetadata(participant_nam...validated_pairs=2, bloom_distribution={'analyze': 2}, validation_summary=None, cep_version='1.0', validation_rate=1.0)]
pipeline   = PipelineMetadata(pipeline_id='run_001', created_at=datetime.datetime(2026, 2, 22, 3, 28, 2, 761456, tzinfo=datetime.timezone.utc), steps_run=['transcription', 'cep'], schema_version='2.0', replicated_from=None)
pipeline_id = 'run_001'
records    = [EnrichedRecord(gdrive_id='gdrive_123', name='test.mp3', mimeType='audio/mpeg', parents=['parent_folder'], web_content...=None, sequence_label=None, event_context=None, source_gdrive_path=None, extraction_confidence=0.0, custom_fields={}))]
with_cep   = True
with_transcriptions = True

tests/core/report/test_dataset.py:143: PydanticUserError
________________ TestBuildDataset.test_run_summary_computation _________________

self = <tests.core.report.test_dataset.TestBuildDataset object at 0x7f46eec7dae0>

    def test_run_summary_computation(self) -> None:
        """Test run summary row creation."""
>       report = _make_run_report()
                 ^^^^^^^^^^^^^^^^^^

self       = <tests.core.report.test_dataset.TestBuildDataset object at 0x7f46eec7dae0>

tests/core/report/test_dataset.py:228: 
_ _ _ _ _ _ _ _ _ _ _ _ _ _ _ _ _ _ _ _ _ _ _ _ _ _ _ _ _ _ _ _ _ _ _ _ _ _ _ _ 

pipeline_id = 'run_001', with_transcriptions = True, with_cep = True

    def _make_run_report(
        pipeline_id: str = "run_001",
        with_transcriptions: bool = True,
        with_cep: bool = True,
    ) -> RunReport:
        """Create a sample RunReport for testing."""
        pipeline = PipelineMetadata(
            pipeline_id=pipeline_id,
            steps_run=["transcription", "cep"],
        )
    
        records = []
        if with_transcriptions:
            records = [_make_enriched_record()]
    
        cep_records = []
        if with_cep:
            cep_records = [_make_cep_record()]
    
>       return RunReport(
            pipeline_id=pipeline_id,
            pipeline=pipeline,
            transcription_records=records,
            cep_records=cep_records,
        )
E       pydantic.errors.PydanticUserError: `RunReport` is not fully defined; you should define `PipelineMetadata`, then call `RunReport.model_rebuild()`.
E       
E       For further information visit https://errors.pydantic.dev/2.12/u/class-not-fully-defined

cep_records = [QARecordCEP(source_gdrive_id='gdrive_123', source_filename='test.mp3', source_metadata=SourceMetadata(participant_nam...validated_pairs=2, bloom_distribution={'analyze': 2}, validation_summary=None, cep_version='1.0', validation_rate=1.0)]
pipeline   = PipelineMetadata(pipeline_id='run_001', created_at=datetime.datetime(2026, 2, 22, 3, 28, 2, 770714, tzinfo=datetime.timezone.utc), steps_run=['transcription', 'cep'], schema_version='2.0', replicated_from=None)
pipeline_id = 'run_001'
records    = [EnrichedRecord(gdrive_id='gdrive_123', name='test.mp3', mimeType='audio/mpeg', parents=['parent_folder'], web_content...=None, sequence_label=None, event_context=None, source_gdrive_path=None, extraction_confidence=0.0, custom_fields={}))]
with_cep   = True
with_transcriptions = True

tests/core/report/test_dataset.py:143: PydanticUserError
________________ TestBuildDataset.test_missing_source_metadata _________________

self = <tests.core.report.test_dataset.TestBuildDataset object at 0x7f46eec7dd00>

    def test_missing_source_metadata(self) -> None:
        """Test flattening with missing source metadata."""
        record = _make_enriched_record(participant=None, location=None)
>       report = RunReport(
            pipeline_id="run_no_meta",
            transcription_records=[record],
        )
E       pydantic.errors.PydanticUserError: `RunReport` is not fully defined; you should define `PipelineMetadata`, then call `RunReport.model_rebuild()`.
E       
E       For further information visit https://errors.pydantic.dev/2.12/u/class-not-fully-defined

record     = EnrichedRecord(gdrive_id='gdrive_123', name='test.mp3', mimeType='audio/mpeg', parents=['parent_folder'], web_content_...ensity_score=0.7, overall_score=0.85, issues_detected=[], quality_rationale=None), is_valid=True, source_metadata=None)
self       = <tests.core.report.test_dataset.TestBuildDataset object at 0x7f46eec7dd00>

tests/core/report/test_dataset.py:239: PydanticUserError
_______________ TestBuildDataset.test_missing_validation_scores ________________

self = <tests.core.report.test_dataset.TestBuildDataset object at 0x7f46eecb9350>

    def test_missing_validation_scores(self) -> None:
        """Test flattening QA pairs without validation."""
        from gtranscriber.schemas import QAPairCEP
    
        qa_pair = QAPairCEP(
            question="Test?",
            answer="Answer.",
            context="Context.",
            question_type="factual",
            confidence=0.8,
            bloom_level="remember",
        )
        cep_record = QARecordCEP(
            source_gdrive_id="gdrive_123",
            source_filename="test.mp3",
            transcription_text="Test.",
            qa_pairs=[qa_pair],
            model_id="gpt-4o",
            provider="openai",
            total_pairs=1,
            bloom_distribution={"remember": 1},
        )
>       report = RunReport(
            pipeline_id="run_no_val",
            cep_records=[cep_record],
        )
E       pydantic.errors.PydanticUserError: `RunReport` is not fully defined; you should define `PipelineMetadata`, then call `RunReport.model_rebuild()`.
E       
E       For further information visit https://errors.pydantic.dev/2.12/u/class-not-fully-defined

QAPairCEP  = <class 'gtranscriber.schemas.QAPairCEP'>
cep_record = QARecordCEP(source_gdrive_id='gdrive_123', source_filename='test.mp3', source_metadata=None, transcription_text='Test....validated_pairs=0, bloom_distribution={'remember': 1}, validation_summary=None, cep_version='1.0', validation_rate=0.0)
qa_pair    = QAPairCEP(question='Test?', answer='Answer.', context='Context.', question_type='factual', confidence=0.8, start_time=...trace=None, is_multi_hop=False, hop_count=None, tacit_inference=None, generation_prompt=None, generation_thinking=None)
self       = <tests.core.report.test_dataset.TestBuildDataset object at 0x7f46eecb9350>

tests/core/report/test_dataset.py:271: PydanticUserError
_________ TestRunSummaryNewFields.test_run_summary_includes_model_ids __________

self = <tests.core.report.test_dataset.TestRunSummaryNewFields object at 0x7f46eec1df90>

    def test_run_summary_includes_model_ids(self) -> None:
        """Verify model IDs are extracted from config."""
        transcription_meta = _make_run_metadata(
            pipeline_type=PipelineType.TRANSCRIPTION,
            config_values={"model_id": "openai/whisper-large-v3", "quality_threshold": 0.7},
        )
        cep_meta = _make_run_metadata(
            pipeline_type=PipelineType.CEP,
            config_values={
                "model_id": "gpt-4o",
                "validator_model_id": "gpt-4o-mini",
                "provider": "openai",
            },
        )
>       report = RunReport(
            pipeline_id="run_model_ids",
            transcription_metadata=transcription_meta,
            cep_metadata=cep_meta,
        )
E       pydantic.errors.PydanticUserError: `RunReport` is not fully defined; you should define `PipelineMetadata`, then call `RunReport.model_rebuild()`.
E       
E       For further information visit https://errors.pydantic.dev/2.12/u/class-not-fully-defined

cep_meta   = RunMetadata(run_id='20240515_120000_test', pipeline_id=None, pipeline_type=<PipelineType.CEP: 'cep'>, started_at=datet...=None, gtranscriber_version='0.1.0', schema_version='1.0', input_source=None, duration_seconds=None, success_rate=None)
self       = <tests.core.report.test_dataset.TestRunSummaryNewFields object at 0x7f46eec1df90>
transcription_meta = RunMetadata(run_id='20240515_120000_test', pipeline_id=None, pipeline_type=<PipelineType.TRANSCRIPTION: 'transcription...=None, gtranscriber_version='0.1.0', schema_version='1.0', input_source=None, duration_seconds=None, success_rate=None)

tests/core/report/test_dataset.py:382: PydanticUserError
_________ TestRunSummaryNewFields.test_run_summary_includes_thresholds _________

self = <tests.core.report.test_dataset.TestRunSummaryNewFields object at 0x7f46eec1e350>

    def test_run_summary_includes_thresholds(self) -> None:
        """Verify threshold values are extracted from config."""
        transcription_meta = _make_run_metadata(
            pipeline_type=PipelineType.TRANSCRIPTION,
            config_values={"quality_threshold": 0.65},
        )
        cep_meta = _make_run_metadata(
            pipeline_type=PipelineType.CEP,
            config_values={"validation_threshold": 0.75},
        )
>       report = RunReport(
            pipeline_id="run_thresholds",
            transcription_metadata=transcription_meta,
            cep_metadata=cep_meta,
        )
E       pydantic.errors.PydanticUserError: `RunReport` is not fully defined; you should define `PipelineMetadata`, then call `RunReport.model_rebuild()`.
E       
E       For further information visit https://errors.pydantic.dev/2.12/u/class-not-fully-defined

cep_meta   = RunMetadata(run_id='20240515_120000_test', pipeline_id=None, pipeline_type=<PipelineType.CEP: 'cep'>, started_at=datet...=None, gtranscriber_version='0.1.0', schema_version='1.0', input_source=None, duration_seconds=None, success_rate=None)
self       = <tests.core.report.test_dataset.TestRunSummaryNewFields object at 0x7f46eec1e350>
transcription_meta = RunMetadata(run_id='20240515_120000_test', pipeline_id=None, pipeline_type=<PipelineType.TRANSCRIPTION: 'transcription...=None, gtranscriber_version='0.1.0', schema_version='1.0', input_source=None, duration_seconds=None, success_rate=None)

tests/core/report/test_dataset.py:405: PydanticUserError
___________ TestRunSummaryNewFields.test_run_summary_validity_counts ___________

self = <tests.core.report.test_dataset.TestRunSummaryNewFields object at 0x7f46eec92ea0>

    def test_run_summary_validity_counts(self) -> None:
        """Verify valid/invalid counts are computed from records."""
        valid_record = _make_enriched_record(name="valid.mp3", is_valid=True)
        invalid_record = _make_enriched_record(name="invalid.mp3", is_valid=False)
    
        cep_record = _make_cep_record(num_pairs=2)
        # Mark one QA pair as invalid
        from gtranscriber.schemas import QAPairValidated, ValidationScore
    
        invalid_qa = QAPairValidated(
            question="Q?",
            answer="A.",
            context="ctx",
            question_type="factual",
            confidence=0.5,
            bloom_level="remember",
            validation=ValidationScore(
                faithfulness=0.3,
                bloom_calibration=0.3,
                informativeness=0.3,
                self_containedness=0.3,
                overall_score=0.3,
            ),
            is_valid=False,
        )
        cep_record.qa_pairs.append(invalid_qa)
    
>       report = RunReport(
            pipeline_id="run_counts",
            transcription_records=[valid_record, invalid_record],
            cep_records=[cep_record],
        )
E       pydantic.errors.PydanticUserError: `RunReport` is not fully defined; you should define `PipelineMetadata`, then call `RunReport.model_rebuild()`.
E       
E       For further information visit https://errors.pydantic.dev/2.12/u/class-not-fully-defined

QAPairValidated = <class 'gtranscriber.schemas.QAPairValidated'>
ValidationScore = <class 'gtranscriber.schemas.ValidationScore'>
cep_record = QARecordCEP(source_gdrive_id='gdrive_123', source_filename='test.mp3', source_metadata=SourceMetadata(participant_name... validated_pairs=2, bloom_distribution={'analyze': 2}, validation_summary=None, cep_version='1.0', validation_rate=1.0)
invalid_qa = QAPairValidated(question='Q?', answer='A.', context='ctx', question_type='factual', confidence=0.5, start_time=None, e...ontainedness=0.3, overall_score=0.3, judge_rationale=None, judge_thinking=None, criterion_scores=None), is_valid=False)
invalid_record = EnrichedRecord(gdrive_id='gdrive_123', name='invalid.mp3', mimeType='audio/mpeg', parents=['parent_folder'], web_conte...r=None, sequence_label=None, event_context=None, source_gdrive_path=None, extraction_confidence=0.0, custom_fields={}))
self       = <tests.core.report.test_dataset.TestRunSummaryNewFields object at 0x7f46eec92ea0>
valid_record = EnrichedRecord(gdrive_id='gdrive_123', name='valid.mp3', mimeType='audio/mpeg', parents=['parent_folder'], web_content...r=None, sequence_label=None, event_context=None, source_gdrive_path=None, extraction_confidence=0.0, custom_fields={}))

tests/core/report/test_dataset.py:443: PydanticUserError
___________ TestRunSummaryNewFields.test_run_summary_missing_config ____________

self = <tests.core.report.test_dataset.TestRunSummaryNewFields object at 0x7f46eec92d70>

    def test_run_summary_missing_config(self) -> None:
        """Verify graceful handling when metadata or config keys are absent."""
        # No metadata at all
>       report = RunReport(pipeline_id="run_no_meta")
                 ^^^^^^^^^^^^^^^^^^^^^^^^^^^^^^^^^^^^
E       pydantic.errors.PydanticUserError: `RunReport` is not fully defined; you should define `PipelineMetadata`, then call `RunReport.model_rebuild()`.
E       
E       For further information visit https://errors.pydantic.dev/2.12/u/class-not-fully-defined

self       = <tests.core.report.test_dataset.TestRunSummaryNewFields object at 0x7f46eec92d70>

tests/core/report/test_dataset.py:459: PydanticUserError
_________ TestRunSummaryNewFields.test_run_summary_partial_config_keys _________

self = <tests.core.report.test_dataset.TestRunSummaryNewFields object at 0x7f46eecfb9b0>

    def test_run_summary_partial_config_keys(self) -> None:
        """Verify missing config keys default to None gracefully."""
        transcription_meta = _make_run_metadata(
            pipeline_type=PipelineType.TRANSCRIPTION,
            config_values={"model_id": "whisper-small"},  # no quality_threshold key
        )
>       report = RunReport(
            pipeline_id="run_partial",
            transcription_metadata=transcription_meta,
        )
E       pydantic.errors.PydanticUserError: `RunReport` is not fully defined; you should define `PipelineMetadata`, then call `RunReport.model_rebuild()`.
E       
E       For further information visit https://errors.pydantic.dev/2.12/u/class-not-fully-defined

self       = <tests.core.report.test_dataset.TestRunSummaryNewFields object at 0x7f46eecfb9b0>
transcription_meta = RunMetadata(run_id='20240515_120000_test', pipeline_id=None, pipeline_type=<PipelineType.TRANSCRIPTION: 'transcription...=None, gtranscriber_version='0.1.0', schema_version='1.0', input_source=None, duration_seconds=None, success_rate=None)

tests/core/report/test_dataset.py:478: PydanticUserError
=========================== short test summary info ============================
FAILED tests/core/report/test_dataset.py::TestBuildDataset::test_build_with_single_run - pydantic.errors.PydanticUserError: `RunReport` is not fully defined; you should define `PipelineMetadata`, then call `RunReport.model_rebuild()`.

For further information visit https://errors.pydantic.dev/2.12/u/class-not-fully-defined
FAILED tests/core/report/test_dataset.py::TestBuildDataset::test_build_with_multiple_runs - pydantic.errors.PydanticUserError: `RunReport` is not fully defined; you should define `PipelineMetadata`, then call `RunReport.model_rebuild()`.

For further information visit https://errors.pydantic.dev/2.12/u/class-not-fully-defined
FAILED tests/core/report/test_dataset.py::TestBuildDataset::test_qa_pair_flattening - pydantic.errors.PydanticUserError: `RunReport` is not fully defined; you should define `PipelineMetadata`, then call `RunReport.model_rebuild()`.

For further information visit https://errors.pydantic.dev/2.12/u/class-not-fully-defined
FAILED tests/core/report/test_dataset.py::TestBuildDataset::test_transcription_flattening - pydantic.errors.PydanticUserError: `RunReport` is not fully defined; you should define `PipelineMetadata`, then call `RunReport.model_rebuild()`.

For further information visit https://errors.pydantic.dev/2.12/u/class-not-fully-defined
FAILED tests/core/report/test_dataset.py::TestBuildDataset::test_run_summary_computation - pydantic.errors.PydanticUserError: `RunReport` is not fully defined; you should define `PipelineMetadata`, then call `RunReport.model_rebuild()`.

For further information visit https://errors.pydantic.dev/2.12/u/class-not-fully-defined
FAILED tests/core/report/test_dataset.py::TestBuildDataset::test_missing_source_metadata - pydantic.errors.PydanticUserError: `RunReport` is not fully defined; you should define `PipelineMetadata`, then call `RunReport.model_rebuild()`.

For further information visit https://errors.pydantic.dev/2.12/u/class-not-fully-defined
FAILED tests/core/report/test_dataset.py::TestBuildDataset::test_missing_validation_scores - pydantic.errors.PydanticUserError: `RunReport` is not fully defined; you should define `PipelineMetadata`, then call `RunReport.model_rebuild()`.

For further information visit https://errors.pydantic.dev/2.12/u/class-not-fully-defined
FAILED tests/core/report/test_dataset.py::TestRunSummaryNewFields::test_run_summary_includes_model_ids - pydantic.errors.PydanticUserError: `RunReport` is not fully defined; you should define `PipelineMetadata`, then call `RunReport.model_rebuild()`.

For further information visit https://errors.pydantic.dev/2.12/u/class-not-fully-defined
FAILED tests/core/report/test_dataset.py::TestRunSummaryNewFields::test_run_summary_includes_thresholds - pydantic.errors.PydanticUserError: `RunReport` is not fully defined; you should define `PipelineMetadata`, then call `RunReport.model_rebuild()`.

For further information visit https://errors.pydantic.dev/2.12/u/class-not-fully-defined
FAILED tests/core/report/test_dataset.py::TestRunSummaryNewFields::test_run_summary_validity_counts - pydantic.errors.PydanticUserError: `RunReport` is not fully defined; you should define `PipelineMetadata`, then call `RunReport.model_rebuild()`.

For further information visit https://errors.pydantic.dev/2.12/u/class-not-fully-defined
FAILED tests/core/report/test_dataset.py::TestRunSummaryNewFields::test_run_summary_missing_config - pydantic.errors.PydanticUserError: `RunReport` is not fully defined; you should define `PipelineMetadata`, then call `RunReport.model_rebuild()`.

For further information visit https://errors.pydantic.dev/2.12/u/class-not-fully-defined
FAILED tests/core/report/test_dataset.py::TestRunSummaryNewFields::test_run_summary_partial_config_keys - pydantic.errors.PydanticUserError: `RunReport` is not fully defined; you should define `PipelineMetadata`, then call `RunReport.model_rebuild()`.

For further information visit https://errors.pydantic.dev/2.12/u/class-not-fully-defined
======================== 12 failed, 24 passed in 0.31s =========================
